0 info it worked if it ends with ok
1 verbose cli [ 'C:\\Program Files (x86)\\Nodist\\v-x64\\7.2.1\\node.exe',
1 verbose cli   'C:\\Program Files (x86)\\Nodist\\npmv\\4.0.5\\bin\\npm-cli.js',
1 verbose cli   'run',
1 verbose cli   'test' ]
2 info using npm@4.0.5
3 info using node@v7.2.1
4 verbose run-script [ 'pretest', 'test', 'posttest' ]
5 info lifecycle sanae-parser@0.0.1~pretest: sanae-parser@0.0.1
6 warn lifecycle The node binary used for scripts is C:\Program Files (x86)\Nodist\bin\node.exe but npm is using C:\Program Files (x86)\Nodist\v-x64\7.2.1\node.exe itself. Use the `--scripts-prepend-node-path` option to include the path for the node binary npm was executed with.
7 silly lifecycle sanae-parser@0.0.1~pretest: no script for pretest, continuing
8 info lifecycle sanae-parser@0.0.1~test: sanae-parser@0.0.1
9 verbose lifecycle sanae-parser@0.0.1~test: unsafe-perm in lifecycle true
10 verbose lifecycle sanae-parser@0.0.1~test: PATH: C:\Program Files (x86)\Nodist\npmv\4.0.5\bin\node-gyp-bin;C:\Users\htshp\Desktop\sanae-parser\node_modules\.bin;C:\WINDOWS\system32;C:\WINDOWS;C:\WINDOWS\System32\Wbem;C:\WINDOWS\System32\WindowsPowerShell\v1.0\;C:\Program Files (x86)\Nodist\bin;C:\Program Files\Git\cmd;C:\Users\htshp\AppData\Local\Microsoft\WindowsApps;;C:\Program Files (x86)\Microsoft VS Code\bin
11 verbose lifecycle sanae-parser@0.0.1~test: CWD: C:\Users\htshp\Desktop\sanae-parser
12 silly lifecycle sanae-parser@0.0.1~test: Args: [ '/d /s /c', 'npm run lint && npm run build && mocha' ]
13 silly lifecycle sanae-parser@0.0.1~test: Returned: code: 1  signal: null
14 info lifecycle sanae-parser@0.0.1~test: Failed to exec test script
15 verbose stack Error: sanae-parser@0.0.1 test: `npm run lint && npm run build && mocha`
15 verbose stack Exit status 1
15 verbose stack     at EventEmitter.<anonymous> (C:\Program Files (x86)\Nodist\npmv\4.0.5\lib\utils\lifecycle.js:279:16)
15 verbose stack     at emitTwo (events.js:106:13)
15 verbose stack     at EventEmitter.emit (events.js:191:7)
15 verbose stack     at ChildProcess.<anonymous> (C:\Program Files (x86)\Nodist\npmv\4.0.5\lib\utils\spawn.js:40:14)
15 verbose stack     at emitTwo (events.js:106:13)
15 verbose stack     at ChildProcess.emit (events.js:191:7)
15 verbose stack     at maybeClose (internal/child_process.js:885:16)
15 verbose stack     at Process.ChildProcess._handle.onexit (internal/child_process.js:226:5)
16 verbose pkgid sanae-parser@0.0.1
17 verbose cwd C:\Users\htshp\Desktop\sanae-parser
18 error Windows_NT 10.0.15063
19 error argv "C:\\Program Files (x86)\\Nodist\\v-x64\\7.2.1\\node.exe" "C:\\Program Files (x86)\\Nodist\\npmv\\4.0.5\\bin\\npm-cli.js" "run" "test"
20 error node v7.2.1
21 error npm  v4.0.5
22 error code ELIFECYCLE
23 error sanae-parser@0.0.1 test: `npm run lint && npm run build && mocha`
23 error Exit status 1
24 error Failed at the sanae-parser@0.0.1 test script 'npm run lint && npm run build && mocha'.
24 error Make sure you have the latest version of node.js and npm installed.
24 error If you do, this is most likely a problem with the sanae-parser package,
24 error not with npm itself.
24 error Tell the author that this fails on your system:
24 error     npm run lint && npm run build && mocha
24 error You can get information on how to open an issue for this project with:
24 error     npm bugs sanae-parser
24 error Or if that isn't available, you can get their info via:
24 error     npm owner ls sanae-parser
24 error There is likely additional logging output above.
25 verbose exit [ 1, true ]
